<?xml version="1.0" encoding="UTF-8"?>
<testsuite name="com.example.kakao.users.StringArrayConverterTest" tests="1" skipped="0" failures="0" errors="0" timestamp="2023-05-11T00:52:02" hostname="DESKTOP-1FFOQKL" time="0.016">
  <properties/>
  <testcase name="convertToEntityAttribute_test()" classname="com.example.kakao.users.StringArrayConverterTest" time="0.016"/>
  <system-out><![CDATA[테스트 : [ROLE_USER, ROLE_ADMIN]
]]></system-out>
  <system-err><![CDATA[]]></system-err>
</testsuite>
